2024-08-02 20:13:42.568 [http-nio-8080-exec-3]  INFO p6spy - #1722597222568 | took 10ms | statement | connection 2| url jdbc:mysql://localhost:3306/memopetdblocal?serverTimezone=UTC&characterEncoding=UTF-8
select m1_0.id,m1_0.created_date,m1_0.deleted_date,m1_0.email,m1_0.last_login_date,m1_0.last_modified_by,m1_0.last_modified_date,m1_0.login_fail_count,m1_0.member_id,m1_0.member_status,m1_0.password,m1_0.phone_num,m1_0.provider,m1_0.provider_id,m1_0.roles,m1_0.username from member_social m1_0 where m1_0.email=? and m1_0.deleted_date is null
select m1_0.id,m1_0.created_date,m1_0.deleted_date,m1_0.email,m1_0.last_login_date,m1_0.last_modified_by,m1_0.last_modified_date,m1_0.login_fail_count,m1_0.member_id,m1_0.member_status,m1_0.password,m1_0.phone_num,m1_0.provider,m1_0.provider_id,m1_0.roles,m1_0.username from member_social m1_0 where m1_0.email='0529th@naver.com' and m1_0.deleted_date is null;
2024-08-02 20:13:44.319 [http-nio-8080-exec-3]  INFO p6spy - #1722597224319 | took 6ms | statement | connection 2| url jdbc:mysql://localhost:3306/memopetdblocal?serverTimezone=UTC&characterEncoding=UTF-8
select m1_0.id,m1_0.agree_date,m1_0.agree_yn,m1_0.created_date,m1_0.deactivation_reason,m1_0.deactivation_reason_comment,m1_0.deleted_date,m1_0.last_modified_by,m1_0.last_modified_date,m1_0.member_id,m1_0.phone_num,m1_0.username from member m1_0 where m1_0.phone_num=? and m1_0.deleted_date is null
select m1_0.id,m1_0.agree_date,m1_0.agree_yn,m1_0.created_date,m1_0.deactivation_reason,m1_0.deactivation_reason_comment,m1_0.deleted_date,m1_0.last_modified_by,m1_0.last_modified_date,m1_0.member_id,m1_0.phone_num,m1_0.username from member m1_0 where m1_0.phone_num='01055409429' and m1_0.deleted_date is null;
2024-08-02 20:13:44.361 [http-nio-8080-exec-3]  INFO p6spy - #1722597224360 | took 9ms | statement | connection 2| url jdbc:mysql://localhost:3306/memopetdblocal?serverTimezone=UTC&characterEncoding=UTF-8
insert into member (agree_date,agree_yn,created_date,deactivation_reason,deactivation_reason_comment,deleted_date,last_modified_by,last_modified_date,member_id,phone_num,username) values (?,?,?,?,?,?,?,?,?,?,?)
insert into member (agree_date,agree_yn,created_date,deactivation_reason,deactivation_reason_comment,deleted_date,last_modified_by,last_modified_date,member_id,phone_num,username) values ('2024-08-02T20:13:44.320+0900',true,'2024-08-02T20:13:44.337+0900',NULL,NULL,NULL,'89bef78c-8783-47d3-819d-8153804265b0','2024-08-02T20:13:44.337+0900','20240802201344319929','01055409429','김지은');
2024-08-02 20:13:44.373 [http-nio-8080-exec-3]  INFO p6spy - #1722597224373 | took 3ms | statement | connection 2| url jdbc:mysql://localhost:3306/memopetdblocal?serverTimezone=UTC&characterEncoding=UTF-8
insert into member_social (created_date,deleted_date,email,last_login_date,last_modified_by,last_modified_date,login_fail_count,member_id,member_status,password,phone_num,provider,provider_id,roles,username) values (?,?,?,?,?,?,?,?,?,?,?,?,?,?,?)
insert into member_social (created_date,deleted_date,email,last_login_date,last_modified_by,last_modified_date,login_fail_count,member_id,member_status,password,phone_num,provider,provider_id,roles,username) values ('2024-08-02T20:13:44.369+0900',NULL,'0529th@naver.com','2024-08-02T20:13:44.366+0900','2cd05f32-0cda-4f5f-b5b0-238d7d35fcac','2024-08-02T20:13:44.369+0900',0,'20240802201344319929','NORMAL',NULL,'01055409429','naver','NWhyBwCfaMtb2cx3S_V4WvmbDk72AzKyR_Lxlr-K1DE','ROLE_USER','김지은');
2024-08-02 20:13:44.434 [http-nio-8080-exec-3]  INFO p6spy - #1722597224434 | took 1ms | statement | connection 2| url jdbc:mysql://localhost:3306/memopetdblocal?serverTimezone=UTC&characterEncoding=UTF-8
select rt.* FROM refresh_token rt where rt.access_token = ? and rt.revoked = false
select rt.* FROM refresh_token rt where rt.access_token = 'eyJhbGciOiJSUzI1NiJ9.eyJpc3MiOiJhdHF1aWwiLCJzdWIiOiIwNTI5dGhAbmF2ZXIuY29tIiwiZXhwIjoxNzIyNTk3NTI0LCJpYXQiOjE3MjI1OTcyMjQsInNjb3BlIjoiVVNFUl9BVVRIT1JJVFkifQ.WP3qeWDUL-1wY9-YmAHdoDjwDbBqKryol9lgUnlCtnKH2So6-6uFYtu_xuZgFUdG6jyDSXFLlxVOiXBjJHED13TYEfNsPjrr6_T-xturhaOQnZbkGixOospwtOMdtTAIKBvoMqEmSzIeL2d5n6G_qv48CyJ9vLEREmBdVv-atPH5L42WFZ8td6SfENwxbjv08iUe7PpxTaSmHsiKMnKhzEmpFqdyTbKdT_GRxEi2H-h3BY39idLcmnn26ROfnTiAy0jXgISAkdrFQEt-FDVehVndOl0HT3CkxcR8iud8MZf8qlQS_jVLkVVkB9cKKOwq6sg2MdRCc-5HJMR_TH0Zcg' and rt.revoked = false;
2024-08-02 20:13:44.482 [http-nio-8080-exec-3]  INFO p6spy - #1722597224482 | took 21ms | statement | connection 3| url jdbc:mysql://localhost:3306/memopetdblocal?serverTimezone=UTC&characterEncoding=UTF-8
select next_val as id_val from refresh_token_seq for update
select next_val as id_val from refresh_token_seq for update;
2024-08-02 20:13:44.514 [http-nio-8080-exec-3]  INFO p6spy - #1722597224514 | took 31ms | statement | connection 3| url jdbc:mysql://localhost:3306/memopetdblocal?serverTimezone=UTC&characterEncoding=UTF-8
update refresh_token_seq set next_val= ? where next_val=?
update refresh_token_seq set next_val= 301 where next_val=251;
2024-08-02 20:13:44.516 [http-nio-8080-exec-3]  INFO p6spy - #1722597224516 | took 1ms | commit | connection 3| url jdbc:mysql://localhost:3306/memopetdblocal?serverTimezone=UTC&characterEncoding=UTF-8

;
2024-08-02 20:13:44.522 [http-nio-8080-exec-3]  INFO p6spy - #1722597224522 | took 1ms | statement | connection 2| url jdbc:mysql://localhost:3306/memopetdblocal?serverTimezone=UTC&characterEncoding=UTF-8
insert into refresh_token (access_token,expired_at,member_social_id,refresh_token,revoked,id) values (?,?,?,?,?,?)
insert into refresh_token (access_token,expired_at,member_social_id,refresh_token,revoked,id) values ('eyJhbGciOiJSUzI1NiJ9.eyJpc3MiOiJhdHF1aWwiLCJzdWIiOiIwNTI5dGhAbmF2ZXIuY29tIiwiZXhwIjoxNzIyNTk3NTI0LCJpYXQiOjE3MjI1OTcyMjQsInNjb3BlIjoiVVNFUl9BVVRIT1JJVFkifQ.WP3qeWDUL-1wY9-YmAHdoDjwDbBqKryol9lgUnlCtnKH2So6-6uFYtu_xuZgFUdG6jyDSXFLlxVOiXBjJHED13TYEfNsPjrr6_T-xturhaOQnZbkGixOospwtOMdtTAIKBvoMqEmSzIeL2d5n6G_qv48CyJ9vLEREmBdVv-atPH5L42WFZ8td6SfENwxbjv08iUe7PpxTaSmHsiKMnKhzEmpFqdyTbKdT_GRxEi2H-h3BY39idLcmnn26ROfnTiAy0jXgISAkdrFQEt-FDVehVndOl0HT3CkxcR8iud8MZf8qlQS_jVLkVVkB9cKKOwq6sg2MdRCc-5HJMR_TH0Zcg','2024-09-01T20:13:44.442+0900',5,'eyJhbGciOiJSUzI1NiJ9.eyJpc3MiOiJhdHF1aWwiLCJzdWIiOiIwNTI5dGhAbmF2ZXIuY29tIiwiZXhwIjoxNzI1MTg5MjI0LCJpYXQiOjE3MjI1OTcyMjQsInNjb3BlIjoiUkVGUkVTSF9UT0tFTiJ9.mIjenOw_-W7g7ACSQQaLBX8tgVYF1HBO6nEocwGtSofR2i7b6wghuF4jXRWm3XP9kKJILMbxAeHYcOjjDcwbescT-Klv37rl_7c7lPzG_xlNDzYqUFDNlSrpGjUh2l5Me2CTXFagrHmboTebPL3-98wF47bPr1aetDawx1ClcYbXIh4m6tWEt05pASxTxL72I1AEAR67RditGn_V0CTMF_RcdKt65ickH5Awb0UZVgvkMjSB0El9IcBDj_xaaYckdsPEG9VdZHJDk66UcMkzG2z1GsVJoQ0yKTPpR1wkOh1tFNVrA9SFRacXw354PDpSZOSwQNCbGCUPyHo0SS6TQQ',false,202);
2024-08-02 20:13:44.526 [http-nio-8080-exec-3]  INFO p6spy - #1722597224526 | took 4ms | commit | connection 2| url jdbc:mysql://localhost:3306/memopetdblocal?serverTimezone=UTC&characterEncoding=UTF-8

;
2024-08-02 20:13:46.674 [org.springframework.amqp.rabbit.RabbitListenerEndpointContainer#1-1]  INFO p6spy - #1722597226674 | took 2ms | commit | connection 4| url jdbc:mysql://localhost:3306/memopetdblocal?serverTimezone=UTC&characterEncoding=UTF-8

;
